TN:
SF:/Users/yueliang/Documents/projects/thoughtworks/frontend-boilerplate/client/api/index.js
FN:15,saveToken
FN:20,getPager
FN:30,postJson
FN:47,putJson
FN:64,getJson
FN:76,checkStatus
FN:83,fetchJson
FN:91,prepareHeader
FNF:8
FNH:1
FNDA:0,saveToken
FNDA:0,getPager
FNDA:0,postJson
FNDA:0,putJson
FNDA:2,getJson
FNDA:0,checkStatus
FNDA:0,fetchJson
FNDA:0,prepareHeader
DA:1,1
DA:2,1
DA:4,1
DA:6,0
DA:7,1
DA:8,0
DA:10,1
DA:13,1
DA:14,1
DA:15,1
DA:16,0
DA:19,1
DA:20,1
DA:28,1
DA:30,1
DA:31,0
DA:37,0
DA:38,0
DA:40,0
DA:47,1
DA:48,0
DA:54,0
DA:55,0
DA:57,0
DA:64,1
DA:65,2
DA:68,2
DA:69,0
DA:71,2
DA:76,1
DA:77,0
DA:78,0
DA:80,0
DA:83,1
DA:84,0
DA:85,0
DA:87,0
DA:91,1
LF:38
LH:20
BRDA:4,1,0,0
BRDA:4,1,1,1
BRDA:4,2,0,1
BRDA:4,2,1,0
BRDA:7,3,0,0
BRDA:7,3,1,1
BRDA:20,4,0,0
BRDA:20,4,1,0
BRDA:20,5,0,0
BRDA:20,5,1,0
BRDA:20,6,0,0
BRDA:20,6,1,0
BRDA:20,7,0,0
BRDA:20,7,1,0
BRDA:30,8,0,0
BRDA:30,8,1,0
BRDA:30,9,0,0
BRDA:30,9,1,0
BRDA:37,10,0,0
BRDA:37,10,1,0
BRDA:37,11,0,0
BRDA:37,11,1,0
BRDA:47,12,0,0
BRDA:47,12,1,0
BRDA:47,13,0,0
BRDA:47,13,1,0
BRDA:54,14,0,0
BRDA:54,14,1,0
BRDA:54,15,0,0
BRDA:54,15,1,0
BRDA:68,16,0,0
BRDA:68,16,1,2
BRDA:68,17,0,2
BRDA:68,17,1,2
BRDA:77,18,0,0
BRDA:77,18,1,0
BRDA:77,19,0,0
BRDA:77,19,1,0
BRF:38
BRH:6
end_of_record
TN:
SF:/Users/yueliang/Documents/projects/thoughtworks/frontend-boilerplate/client/api/user.js
FN:5,login
FN:6,verify
FNF:2
FNH:2
FNDA:1,login
FNDA:1,verify
DA:1,1
LF:1
LH:1
BRF:0
BRH:0
end_of_record
TN:
SF:/Users/yueliang/Documents/projects/thoughtworks/frontend-boilerplate/client/api/__test__/user.spec.js
FN:6,(anonymous_2)
FN:9,(anonymous_3)
FNF:2
FNH:2
FNDA:1,(anonymous_2)
FNDA:1,(anonymous_3)
DA:1,1
DA:3,1
DA:4,1
DA:6,1
DA:7,1
DA:9,1
DA:10,1
DA:11,1
LF:8
LH:8
BRF:0
BRH:0
end_of_record
TN:
SF:/Users/yueliang/Documents/projects/thoughtworks/frontend-boilerplate/client/components/LoginForm/index.js
FN:13,LoginForm
FNF:1
FNH:0
FNDA:0,LoginForm
DA:2,1
DA:3,1
DA:5,1
DA:15,0
DA:21,0
DA:26,0
DA:31,0
LF:7
LH:3
BRF:0
BRH:0
end_of_record
TN:
SF:/Users/yueliang/Documents/projects/thoughtworks/frontend-boilerplate/client/components/__test__/LoginForm.spec.js
FN:6,(anonymous_2)
FN:7,(anonymous_3)
FNF:2
FNH:2
FNDA:1,(anonymous_2)
FNDA:1,(anonymous_3)
DA:1,1
DA:4,1
DA:6,1
DA:7,1
DA:8,1
LF:5
LH:5
BRF:0
BRH:0
end_of_record
